build/app/intermediates/manifest_merge_blame_file/debug/manifest-merger-blame-debug-report.txt
1<?xml version="1.0" encoding="utf-8"?>
2<manifest xmlns:android="http://schemas.android.com/apk/res/android"
3    package="nl.blueavenue.econoomaccess"
4    android:versionCode="1"
5    android:versionName="1.0.0" >
6
7    <uses-sdk
8        android:minSdkVersion="21"
9        android:targetSdkVersion="28" />
10    <!--
11         Flutter needs it to communicate with the running application
12         to allow setting breakpoints, to provide hot reload, etc.
13    -->
14    <uses-permission android:name="android.permission.INTERNET" />
14-->src\debug\AndroidManifest.xml:6:5-66
14-->src\debug\AndroidManifest.xml:6:22-64
15    <uses-permission android:name="android.permission.ACCESS_FINE_LOCATION" />
15-->src\main\AndroidManifest.xml:3:5-78
15-->src\main\AndroidManifest.xml:3:22-76
16    <uses-permission android:name="android.permission.ACCESS_COARSE_LOCATION" />
16-->src\main\AndroidManifest.xml:4:5-80
16-->src\main\AndroidManifest.xml:4:22-78
17    <uses-permission android:name="android.permission.READ_EXTERNAL_STORAGE" />
17-->[:image_picker] AndroidManifest.xml:7:5-80
17-->[:image_picker] AndroidManifest.xml:7:22-77
18    <uses-permission android:name="android.permission.WRITE_EXTERNAL_STORAGE" /> <!-- Include required permissions for Google Maps API to run. -->
18-->[:image_picker] AndroidManifest.xml:8:5-81
18-->[:image_picker] AndroidManifest.xml:8:22-78
19    <uses-permission android:name="android.permission.ACCESS_NETWORK_STATE" />
19-->[com.google.android.gms:play-services-maps:17.0.0] AndroidManifest.xml:23:5-79
19-->[com.google.android.gms:play-services-maps:17.0.0] AndroidManifest.xml:23:22-76
20
21    <uses-feature
21-->[com.google.android.gms:play-services-maps:17.0.0] AndroidManifest.xml:26:5-28:35
22        android:glEsVersion="0x00020000"
22-->[com.google.android.gms:play-services-maps:17.0.0] AndroidManifest.xml:27:9-41
23        android:required="true" />
23-->[com.google.android.gms:play-services-maps:17.0.0] AndroidManifest.xml:28:9-32
24
25    <uses-permission android:name="android.permission.WAKE_LOCK" /> <!-- Required by older versions of Google Play services to create IID tokens -->
25-->[com.google.firebase:firebase-iid:20.0.1] AndroidManifest.xml:24:5-68
25-->[com.google.firebase:firebase-iid:20.0.1] AndroidManifest.xml:24:22-65
26    <uses-permission android:name="com.google.android.c2dm.permission.RECEIVE" />
26-->[com.google.firebase:firebase-iid:20.0.1] AndroidManifest.xml:26:5-82
26-->[com.google.firebase:firebase-iid:20.0.1] AndroidManifest.xml:26:22-79
27    <!--
28 io.flutter.app.FlutterApplication is an android.app.Application that
29         calls FlutterMain.startInitialization(this); in its onCreate method.
30         In most cases you can leave this as-is, but you if you want to provide
31         additional functionality it is fine to subclass or reimplement
32         FlutterApplication and put your custom class here.
33    -->
34    <application
34-->src\main\AndroidManifest.xml:10:5-37:19
35        android:name="io.flutter.app.FlutterApplication"
35-->src\main\AndroidManifest.xml:11:9-57
36        android:appComponentFactory="androidx.core.app.CoreComponentFactory"
36-->[androidx.core:core:1.1.0] AndroidManifest.xml:24:18-86
37        android:debuggable="true"
38        android:icon="@mipmap/ic_launcher"
38-->src\main\AndroidManifest.xml:13:9-43
39        android:label="Naniz Eats" >
39-->src\main\AndroidManifest.xml:12:9-35
40        <activity
40-->src\main\AndroidManifest.xml:14:9-29:20
41            android:name="nl.blueavenue.econoomaccess.MainActivity"
41-->src\main\AndroidManifest.xml:15:13-41
42            android:configChanges="orientation|keyboardHidden|keyboard|screenSize|smallestScreenSize|locale|layoutDirection|fontScale|screenLayout|density|uiMode"
42-->src\main\AndroidManifest.xml:18:13-163
43            android:hardwareAccelerated="true"
43-->src\main\AndroidManifest.xml:19:13-47
44            android:launchMode="singleTop"
44-->src\main\AndroidManifest.xml:16:13-43
45            android:theme="@style/LaunchTheme"
45-->src\main\AndroidManifest.xml:17:13-47
46            android:windowSoftInputMode="adjustResize" >
46-->src\main\AndroidManifest.xml:20:13-55
47            <intent-filter>
47-->src\main\AndroidManifest.xml:21:13-24:29
48                <action android:name="android.intent.action.MAIN" />
48-->src\main\AndroidManifest.xml:22:17-68
48-->src\main\AndroidManifest.xml:22:25-66
49
50                <category android:name="android.intent.category.LAUNCHER" />
50-->src\main\AndroidManifest.xml:23:17-76
50-->src\main\AndroidManifest.xml:23:27-74
51            </intent-filter>
52            <intent-filter>
52-->src\main\AndroidManifest.xml:25:13-28:29
53                <action android:name="FLUTTER_NOTIFICATION_CLICK" />
53-->src\main\AndroidManifest.xml:26:17-69
53-->src\main\AndroidManifest.xml:26:25-66
54
55                <category android:name="android.intent.category.DEFAULT" />
55-->src\main\AndroidManifest.xml:27:17-76
55-->src\main\AndroidManifest.xml:27:27-73
56            </intent-filter>
57        </activity>
58
59        <meta-data
59-->src\main\AndroidManifest.xml:30:9-31:73
60            android:name="com.google.android.geo.API_KEY"
60-->src\main\AndroidManifest.xml:30:20-65
61            android:value="AIzaSyBQXzwQ3AdaMAnmN4XLICbowSIQFgAzXjs" />
61-->src\main\AndroidManifest.xml:31:16-71
62        <!--
63             Don't delete the meta-data below.
64             This is used by the Flutter tool to generate GeneratedPluginRegistrant.java
65        -->
66        <meta-data
66-->src\main\AndroidManifest.xml:34:9-36:33
67            android:name="flutterEmbedding"
67-->src\main\AndroidManifest.xml:35:13-44
68            android:value="2" />
68-->src\main\AndroidManifest.xml:36:13-30
69
70        <activity
70-->[:razorpay_flutter] AndroidManifest.xml:8:9-11:20
71            android:name="com.razorpay.CheckoutActivity"
71-->[:razorpay_flutter] AndroidManifest.xml:9:13-57
72            android:configChanges="keyboard|keyboardHidden|orientation|screenSize"
72-->[com.razorpay:checkout:1.5.16] AndroidManifest.xml:20:13-83
73            android:label="Razorpay Checkout"
73-->[:razorpay_flutter] AndroidManifest.xml:10:13-46
74            android:theme="@style/CheckoutTheme" >
74-->[com.razorpay:checkout:1.5.16] AndroidManifest.xml:21:13-49
75            <intent-filter>
75-->[com.razorpay:checkout:1.5.16] AndroidManifest.xml:22:13-28:29
76                <action android:name="android.intent.action.MAIN" />
76-->src\main\AndroidManifest.xml:22:17-68
76-->src\main\AndroidManifest.xml:22:25-66
77
78                <data
78-->[com.razorpay:checkout:1.5.16] AndroidManifest.xml:25:17-27:47
79                    android:host="rzp.io"
79-->[com.razorpay:checkout:1.5.16] AndroidManifest.xml:26:21-42
80                    android:scheme="io.rzp" />
80-->[com.razorpay:checkout:1.5.16] AndroidManifest.xml:27:21-44
81            </intent-filter>
82        </activity>
83
84        <provider
84-->[:image_picker] AndroidManifest.xml:11:9-19:20
85            android:name="io.flutter.plugins.imagepicker.ImagePickerFileProvider"
85-->[:image_picker] AndroidManifest.xml:12:13-82
86            android:authorities="nl.blueavenue.econoomaccess.flutter.image_provider"
86-->[:image_picker] AndroidManifest.xml:13:13-74
87            android:exported="false"
87-->[:image_picker] AndroidManifest.xml:14:13-37
88            android:grantUriPermissions="true" >
88-->[:image_picker] AndroidManifest.xml:15:13-47
89            <meta-data
89-->[:image_picker] AndroidManifest.xml:16:13-18:75
90                android:name="android.support.FILE_PROVIDER_PATHS"
90-->[:image_picker] AndroidManifest.xml:17:17-67
91                android:resource="@xml/flutter_image_picker_file_paths" />
91-->[:image_picker] AndroidManifest.xml:18:17-72
92        </provider>
93
94        <service
94-->[:cloud_firestore] AndroidManifest.xml:8:9-12:19
95            android:name="com.google.firebase.components.ComponentDiscoveryService"
95-->[:cloud_firestore] AndroidManifest.xml:8:18-89
96            android:directBootAware="true"
96-->[com.google.firebase:firebase-common:19.3.0] AndroidManifest.xml:34:13-43
97            android:exported="false" >
97-->[com.google.firebase:firebase-firestore:21.3.0] AndroidManifest.xml:19:13-37
98            <meta-data
98-->[:cloud_firestore] AndroidManifest.xml:9:13-11:85
99                android:name="com.google.firebase.components:io.flutter.plugins.firebase.cloudfirestore.FlutterFirebaseAppRegistrar"
99-->[:cloud_firestore] AndroidManifest.xml:10:17-133
100                android:value="com.google.firebase.components.ComponentRegistrar" />
100-->[:cloud_firestore] AndroidManifest.xml:11:17-82
101            <meta-data
101-->[:firebase_auth] AndroidManifest.xml:9:13-11:85
102                android:name="com.google.firebase.components:io.flutter.plugins.firebaseauth.FlutterFirebaseAppRegistrar"
102-->[:firebase_auth] AndroidManifest.xml:10:17-122
103                android:value="com.google.firebase.components.ComponentRegistrar" />
103-->[:firebase_auth] AndroidManifest.xml:11:17-82
104            <meta-data
104-->[:firebase_database] AndroidManifest.xml:9:13-11:85
105                android:name="com.google.firebase.components:io.flutter.plugins.firebase.database.FlutterFirebaseAppRegistrar"
105-->[:firebase_database] AndroidManifest.xml:10:17-127
106                android:value="com.google.firebase.components.ComponentRegistrar" />
106-->[:firebase_database] AndroidManifest.xml:11:17-82
107            <meta-data
107-->[:firebase_storage] AndroidManifest.xml:9:13-11:85
108                android:name="com.google.firebase.components:io.flutter.plugins.firebase.storage.FlutterFirebaseAppRegistrar"
108-->[:firebase_storage] AndroidManifest.xml:10:17-126
109                android:value="com.google.firebase.components.ComponentRegistrar" />
109-->[:firebase_storage] AndroidManifest.xml:11:17-82
110            <meta-data
110-->[:firebase_messaging] AndroidManifest.xml:14:13-16:85
111                android:name="com.google.firebase.components:io.flutter.plugins.firebasemessaging.FlutterFirebaseAppRegistrar"
111-->[:firebase_messaging] AndroidManifest.xml:15:17-127
112                android:value="com.google.firebase.components.ComponentRegistrar" />
112-->[:firebase_messaging] AndroidManifest.xml:16:17-82
113            <meta-data
113-->[:firebase_core] AndroidManifest.xml:9:13-11:85
114                android:name="com.google.firebase.components:io.flutter.plugins.firebase.core.FlutterFirebaseAppRegistrar"
114-->[:firebase_core] AndroidManifest.xml:10:17-123
115                android:value="com.google.firebase.components.ComponentRegistrar" />
115-->[:firebase_core] AndroidManifest.xml:11:17-82
116            <meta-data
116-->[com.google.firebase:firebase-firestore:21.3.0] AndroidManifest.xml:20:13-22:85
117                android:name="com.google.firebase.components:com.google.firebase.firestore.FirestoreRegistrar"
117-->[com.google.firebase:firebase-firestore:21.3.0] AndroidManifest.xml:21:17-111
118                android:value="com.google.firebase.components.ComponentRegistrar" />
118-->[com.google.firebase:firebase-firestore:21.3.0] AndroidManifest.xml:22:17-82
119            <meta-data
119-->[com.google.firebase:firebase-auth:17.0.0] AndroidManifest.xml:36:13-38:85
120                android:name="com.google.firebase.components:com.google.firebase.auth.FirebaseAuthRegistrar"
120-->[com.google.firebase:firebase-auth:17.0.0] AndroidManifest.xml:37:17-109
121                android:value="com.google.firebase.components.ComponentRegistrar" />
121-->[com.google.firebase:firebase-auth:17.0.0] AndroidManifest.xml:38:17-82
122            <meta-data
122-->[com.google.firebase:firebase-database:17.0.0] AndroidManifest.xml:30:13-32:85
123                android:name="com.google.firebase.components:com.google.firebase.database.DatabaseRegistrar"
123-->[com.google.firebase:firebase-database:17.0.0] AndroidManifest.xml:31:17-109
124                android:value="com.google.firebase.components.ComponentRegistrar" />
124-->[com.google.firebase:firebase-database:17.0.0] AndroidManifest.xml:32:17-82
125            <meta-data
125-->[com.google.firebase:firebase-storage:17.0.0] AndroidManifest.xml:31:13-33:85
126                android:name="com.google.firebase.components:com.google.firebase.storage.StorageRegistrar"
126-->[com.google.firebase:firebase-storage:17.0.0] AndroidManifest.xml:32:17-107
127                android:value="com.google.firebase.components.ComponentRegistrar" />
127-->[com.google.firebase:firebase-storage:17.0.0] AndroidManifest.xml:33:17-82
128            <meta-data
128-->[com.google.firebase:firebase-iid:20.0.1] AndroidManifest.xml:32:13-34:85
129                android:name="com.google.firebase.components:com.google.firebase.iid.Registrar"
129-->[com.google.firebase:firebase-iid:20.0.1] AndroidManifest.xml:33:17-96
130                android:value="com.google.firebase.components.ComponentRegistrar" />
130-->[com.google.firebase:firebase-iid:20.0.1] AndroidManifest.xml:34:17-82
131        </service>
132        <service android:name="io.flutter.plugins.firebasemessaging.FlutterFirebaseMessagingService" >
132-->[:firebase_messaging] AndroidManifest.xml:8:9-12:19
132-->[:firebase_messaging] AndroidManifest.xml:8:18-101
133            <intent-filter>
133-->[:firebase_messaging] AndroidManifest.xml:9:13-11:29
134                <action android:name="com.google.firebase.MESSAGING_EVENT" />
134-->[:firebase_messaging] AndroidManifest.xml:10:17-78
134-->[:firebase_messaging] AndroidManifest.xml:10:25-75
135            </intent-filter>
136        </service>
137
138        <provider
138-->[:printing] AndroidManifest.xml:8:9-16:20
139            android:name="net.nfet.flutter.printing.PrintFileProvider"
139-->[:printing] AndroidManifest.xml:9:13-71
140            android:authorities="nl.blueavenue.econoomaccess.flutter.printing"
140-->[:printing] AndroidManifest.xml:10:13-68
141            android:exported="false"
141-->[:printing] AndroidManifest.xml:11:13-37
142            android:grantUriPermissions="true" >
142-->[:printing] AndroidManifest.xml:12:13-47
143            <meta-data
143-->[:image_picker] AndroidManifest.xml:16:13-18:75
144                android:name="android.support.FILE_PROVIDER_PATHS"
144-->[:image_picker] AndroidManifest.xml:17:17-67
145                android:resource="@xml/flutter_printing_file_paths" />
145-->[:image_picker] AndroidManifest.xml:18:17-72
146        </provider> <!-- Needs to be explicitly declared on P+ -->
147        <uses-library
147-->[com.google.android.gms:play-services-maps:17.0.0] AndroidManifest.xml:33:9-35:40
148            android:name="org.apache.http.legacy"
148-->[com.google.android.gms:play-services-maps:17.0.0] AndroidManifest.xml:34:13-50
149            android:required="false" />
149-->[com.google.android.gms:play-services-maps:17.0.0] AndroidManifest.xml:35:13-37
150
151        <activity
151-->[com.google.firebase:firebase-auth:17.0.0] AndroidManifest.xml:24:9-31:50
152            android:name="com.google.firebase.auth.internal.FederatedSignInActivity"
152-->[com.google.firebase:firebase-auth:17.0.0] AndroidManifest.xml:25:13-85
153            android:excludeFromRecents="true"
153-->[com.google.firebase:firebase-auth:17.0.0] AndroidManifest.xml:26:13-46
154            android:exported="true"
154-->[com.google.firebase:firebase-auth:17.0.0] AndroidManifest.xml:27:13-36
155            android:launchMode="singleTask"
155-->[com.google.firebase:firebase-auth:17.0.0] AndroidManifest.xml:28:13-44
156            android:permission="com.google.firebase.auth.api.gms.permission.LAUNCH_FEDERATED_SIGN_IN"
156-->[com.google.firebase:firebase-auth:17.0.0] AndroidManifest.xml:29:13-102
157            android:theme="@android:style/Theme.Translucent.NoTitleBar" />
157-->[com.google.firebase:firebase-auth:17.0.0] AndroidManifest.xml:30:13-72
158        <!--
159             FirebaseMessagingService performs security checks at runtime,
160             but set to not exported to explicitly avoid allowing another app to call it.
161        -->
162        <service
162-->[com.google.firebase:firebase-messaging:20.0.1] AndroidManifest.xml:28:9-34:19
163            android:name="com.google.firebase.messaging.FirebaseMessagingService"
163-->[com.google.firebase:firebase-messaging:20.0.1] AndroidManifest.xml:29:13-82
164            android:exported="false" >
164-->[com.google.firebase:firebase-messaging:20.0.1] AndroidManifest.xml:30:13-37
165            <intent-filter android:priority="-500" >
165-->[:firebase_messaging] AndroidManifest.xml:9:13-11:29
166                <action android:name="com.google.firebase.MESSAGING_EVENT" />
166-->[:firebase_messaging] AndroidManifest.xml:10:17-78
166-->[:firebase_messaging] AndroidManifest.xml:10:25-75
167            </intent-filter>
168        </service>
169
170        <receiver
170-->[com.google.firebase:firebase-iid:20.0.1] AndroidManifest.xml:37:9-44:20
171            android:name="com.google.firebase.iid.FirebaseInstanceIdReceiver"
171-->[com.google.firebase:firebase-iid:20.0.1] AndroidManifest.xml:38:13-78
172            android:exported="true"
172-->[com.google.firebase:firebase-iid:20.0.1] AndroidManifest.xml:39:13-36
173            android:permission="com.google.android.c2dm.permission.SEND" >
173-->[com.google.firebase:firebase-iid:20.0.1] AndroidManifest.xml:40:13-73
174            <intent-filter>
174-->[com.google.firebase:firebase-iid:20.0.1] AndroidManifest.xml:41:13-43:29
175                <action android:name="com.google.android.c2dm.intent.RECEIVE" />
175-->[com.google.firebase:firebase-iid:20.0.1] AndroidManifest.xml:42:17-81
175-->[com.google.firebase:firebase-iid:20.0.1] AndroidManifest.xml:42:25-78
176            </intent-filter>
177        </receiver>
178
179        <activity
179-->[com.google.android.gms:play-services-base:17.0.0] AndroidManifest.xml:23:9-26:75
180            android:name="com.google.android.gms.common.api.GoogleApiActivity"
180-->[com.google.android.gms:play-services-base:17.0.0] AndroidManifest.xml:24:13-79
181            android:exported="false"
181-->[com.google.android.gms:play-services-base:17.0.0] AndroidManifest.xml:25:13-37
182            android:theme="@android:style/Theme.Translucent.NoTitleBar" />
182-->[com.google.android.gms:play-services-base:17.0.0] AndroidManifest.xml:26:13-72
183
184        <provider
184-->[com.google.firebase:firebase-common:19.3.0] AndroidManifest.xml:26:9-30:39
185            android:name="com.google.firebase.provider.FirebaseInitProvider"
185-->[com.google.firebase:firebase-common:19.3.0] AndroidManifest.xml:27:13-77
186            android:authorities="nl.blueavenue.econoomaccess.firebaseinitprovider"
186-->[com.google.firebase:firebase-common:19.3.0] AndroidManifest.xml:28:13-72
187            android:exported="false"
187-->[com.google.firebase:firebase-common:19.3.0] AndroidManifest.xml:29:13-37
188            android:initOrder="100" />
188-->[com.google.firebase:firebase-common:19.3.0] AndroidManifest.xml:30:13-36
189
190        <meta-data
190-->[com.google.android.gms:play-services-basement:17.0.0] AndroidManifest.xml:23:9-25:69
191            android:name="com.google.android.gms.version"
191-->[com.google.android.gms:play-services-basement:17.0.0] AndroidManifest.xml:24:13-58
192            android:value="@integer/google_play_services_version" />
192-->[com.google.android.gms:play-services-basement:17.0.0] AndroidManifest.xml:25:13-66
193
194        <receiver android:name="com.razorpay.RzpTokenReceiver" >
194-->[com.razorpay:checkout:1.5.16] AndroidManifest.xml:12:9-16:20
194-->[com.razorpay:checkout:1.5.16] AndroidManifest.xml:12:19-63
195            <intent-filter>
195-->[com.razorpay:checkout:1.5.16] AndroidManifest.xml:13:13-15:29
196                <action android:name="rzp.device_token.share" />
196-->[com.razorpay:checkout:1.5.16] AndroidManifest.xml:14:17-65
196-->[com.razorpay:checkout:1.5.16] AndroidManifest.xml:14:25-62
197            </intent-filter>
198        </receiver>
199    </application>
200
201</manifest>